<?xml version="1.0" encoding="UTF-8"?>
<!-- Generated by org.testng.reporters.JUnitReportReporter -->
<testsuite hostname="LAPTOP-V6LRI7RE" failures="0" tests="1" name="NOPP.Nopproject$NopProject" time="11.612" errors="0" timestamp="2024-04-12T18:40:21 IST" skipped="0">
  <testcase classname="NOPP.Nopproject$NopProject" name="Setup" time="11.612"/>
</testsuite> <!-- NOPP.Nopproject$NopProject -->
