<?xml version="1.0" encoding="UTF-8"?>
<!-- Generated by org.testng.reporters.JUnitReportReporter -->
<testsuite hostname="LAPTOP-V6LRI7RE" failures="0" tests="1" name="SeleniumTestNG.NopProject" time="8.209" errors="0" timestamp="2024-03-18T00:37:00 IST" skipped="0">
  <testcase classname="SeleniumTestNG.NopProject" name="Setup" time="8.209"/>
</testsuite> <!-- SeleniumTestNG.NopProject -->
